\BOOKMARK [0][-]{chapter*.9}{\332vod}{}% 1
\BOOKMARK [0][-]{chapter.1}{V\375chodisk\341}{}% 2
\BOOKMARK [1][-]{section.1.1}{\332vod do problematiky}{chapter.1}% 3
\BOOKMARK [1][-]{section.1.2}{Zn\341me algoritmy hladania najkrat\235ej cesty}{chapter.1}% 4
\BOOKMARK [2][-]{subsection.1.2.1}{Dijkstrov algoritmus}{section.1.2}% 5
\BOOKMARK [2][-]{subsection.1.2.2}{A* algoritmus}{section.1.2}% 6
\BOOKMARK [1][-]{section.1.3}{Casovo z\341visl\375 algoritmus}{chapter.1}% 7
\BOOKMARK [2][-]{subsection.1.3.1}{Multimod\341lny algoritmus}{section.1.3}% 8
\BOOKMARK [1][-]{section.1.4}{Spracovanie re\341lnych d\341t}{chapter.1}% 9
\BOOKMARK [2][-]{subsection.1.4.1}{Time-expanded model}{section.1.4}% 10
\BOOKMARK [2][-]{subsection.1.4.2}{Time-dependent model}{section.1.4}% 11
\BOOKMARK [1][-]{section.1.5}{Optimalizacn\351 met\363dy}{chapter.1}% 12
\BOOKMARK [2][-]{subsection.1.5.1}{Minimaliz\341cia prehlad\341van\351ho priestoru v okol\355 virtu\341lnej cesty}{section.1.5}% 13
\BOOKMARK [2][-]{subsection.1.5.2}{Minimaliz\341cia prehlad\341van\351ho priestoru bounding boxom}{section.1.5}% 14
\BOOKMARK [1][-]{section.1.6}{Zohladnenie zadania polohy mimo zast\341vky}{chapter.1}% 15
\BOOKMARK [1][-]{section.1.7}{Alternat\355vne cesty}{chapter.1}% 16
\BOOKMARK [1][-]{section.1.8}{RAPTOR algoritmus}{chapter.1}% 17
\BOOKMARK [2][-]{subsection.1.8.1}{Defin\355cie pojmov a premenn\375ch}{section.1.8}% 18
\BOOKMARK [2][-]{subsection.1.8.2}{Z\341kladn\341 verzia algoritmu}{section.1.8}% 19
\BOOKMARK [2][-]{subsection.1.8.3}{Optimaliz\341cie algoritmu}{section.1.8}% 20
\BOOKMARK [2][-]{subsection.1.8.4}{rRAPTOR}{section.1.8}% 21
\BOOKMARK [2][-]{subsection.1.8.5}{D\341tov\341 \235trukt\372ra}{section.1.8}% 22
\BOOKMARK [2][-]{subsection.1.8.6}{Vylep\235en\375 RAPTOR algoritmus}{section.1.8}% 23
\BOOKMARK [1][-]{section.1.9}{Podobn\351 existuj\372ce syst\351my}{chapter.1}% 24
\BOOKMARK [2][-]{subsection.1.9.1}{Imhd.sk}{section.1.9}% 25
\BOOKMARK [2][-]{subsection.1.9.2}{IDS BK}{section.1.9}% 26
\BOOKMARK [2][-]{subsection.1.9.3}{CP}{section.1.9}% 27
\BOOKMARK [2][-]{subsection.1.9.4}{CG Transit}{section.1.9}% 28
\BOOKMARK [2][-]{subsection.1.9.5}{Ubian}{section.1.9}% 29
\BOOKMARK [0][-]{chapter.2}{N\341vrh}{}% 30
\BOOKMARK [1][-]{section.2.1}{Funkcie aplik\341cie}{chapter.2}% 31
\BOOKMARK [1][-]{section.2.2}{D\341ta}{chapter.2}% 32
\BOOKMARK [2][-]{subsection.2.2.1}{D\341ta statick\375ch cestovn\375ch poriadkov}{section.2.2}% 33
\BOOKMARK [2][-]{subsection.2.2.2}{D\341ta o me\235kan\355}{section.2.2}% 34
\BOOKMARK [2][-]{subsection.2.2.3}{Pe\235ie presuny}{section.2.2}% 35
\BOOKMARK [1][-]{section.2.3}{Datab\341za}{chapter.2}% 36
\BOOKMARK [1][-]{section.2.4}{Parametre pre algoritmus}{chapter.2}% 37
\BOOKMARK [1][-]{section.2.5}{Algoritmus}{chapter.2}% 38
\BOOKMARK [2][-]{subsection.2.5.1}{Pou\236itie a prisp\364sobenie RAPTOR algoritmu}{section.2.5}% 39
\BOOKMARK [1][-]{section.2.6}{D\341tov\341 \235trukt\372ra}{chapter.2}% 40
\BOOKMARK [1][-]{section.2.7}{Architekt\372ra syst\351mu}{chapter.2}% 41
\BOOKMARK [2][-]{subsection.2.7.1}{Serverov\341 strana}{section.2.7}% 42
\BOOKMARK [2][-]{subsection.2.7.2}{Klientsk\341 strana}{section.2.7}% 43
\BOOKMARK [2][-]{subsection.2.7.3}{Spracovanie d\341t}{section.2.7}% 44
\BOOKMARK [0][-]{chapter.3}{Implement\341cia}{}% 45
\BOOKMARK [1][-]{section.3.1}{Technol\363gie}{chapter.3}% 46
\BOOKMARK [1][-]{section.3.2}{D\341ta}{chapter.3}% 47
\BOOKMARK [2][-]{subsection.3.2.1}{Parsovanie d\341t zo s\372boru}{section.3.2}% 48
\BOOKMARK [2][-]{subsection.3.2.2}{Pou\236itie datab\341zy}{section.3.2}% 49
\BOOKMARK [2][-]{subsection.3.2.3}{Testovacie d\341ta}{section.3.2}% 50
\BOOKMARK [1][-]{section.3.3}{D\341tov\341 \235trukt\372ra}{chapter.3}% 51
\BOOKMARK [2][-]{subsection.3.3.1}{Implement\341cia d\341tovej \235trukt\372ry}{section.3.3}% 52
\BOOKMARK [2][-]{subsection.3.3.2}{Naplnenie d\341tovej \235trukt\372ry}{section.3.3}% 53
\BOOKMARK [1][-]{section.3.4}{Casov\375 simul\341tor}{chapter.3}% 54
\BOOKMARK [2][-]{subsection.3.4.1}{Vlastn\341 trieda Time}{section.3.4}% 55
\BOOKMARK [1][-]{section.3.5}{RAPTOR Algoritmus}{chapter.3}% 56
\BOOKMARK [2][-]{subsection.3.5.1}{V\375sledky RAPTOR algoritmu}{section.3.5}% 57
\BOOKMARK [2][-]{subsection.3.5.2}{Hladanie najbli\236\235ej vyhovuj\372cej jazdy}{section.3.5}% 58
\BOOKMARK [2][-]{subsection.3.5.3}{Zapracovanie pou\236\355vatelsk\375ch preferenci\355}{section.3.5}% 59
\BOOKMARK [1][-]{section.3.6}{Klientsk\341 strana}{chapter.3}% 60
\BOOKMARK [2][-]{subsection.3.6.1}{Implement\341cia klientskej strany}{section.3.6}% 61
\BOOKMARK [2][-]{subsection.3.6.2}{D\341tum s cas}{section.3.6}% 62
\BOOKMARK [2][-]{subsection.3.6.3}{Zobrazenie zast\341vok na mape}{section.3.6}% 63
\BOOKMARK [2][-]{subsection.3.6.4}{Zobrazovanie casov ciest}{section.3.6}% 64
\BOOKMARK [2][-]{subsection.3.6.5}{Nasleduj\372ce cesty}{section.3.6}% 65
\BOOKMARK [0][-]{chapter.4}{Testovanie a evalu\341cia}{}% 66
\BOOKMARK [0][-]{chapter*.49}{Z\341ver}{}% 67
